Build started 3/8/2018 2:48:56 PM.
Project "C:\Automation\selenium-automation-sample-driver\Automation-FrameworkV2-Samples.sln" on node 1 (Build target(s)).
Building with tools version "2.0".
Target "ValidateSolutionConfiguration" in file "C:\Automation\selenium-automation-sample-driver\Automation-FrameworkV2-Samples.sln.metaproj" from project "C:\Automation\selenium-automation-sample-driver\Automation-FrameworkV2-Samples.sln" (entry point):
Task "Error" skipped, due to false condition; (('$(CurrentSolutionConfigurationContents)' == '') and ('$(SkipInvalidConfigurations)' != 'true')) was evaluated as (('<SolutionConfiguration>
  <ProjectConfiguration Project="{7F0965DC-E176-4F00-A888-4A3B608B3A59}" AbsolutePath="C:\Automation\selenium-automation-sample-driver\SeleniumFrameworkV2Sample\SeleniumFrameworkV2Sample.csproj" BuildProjectInSolution="True">Release|AnyCPU</ProjectConfiguration>
</SolutionConfiguration>' == '') and ('' != 'true')).
Task "Warning" skipped, due to false condition; (('$(CurrentSolutionConfigurationContents)' == '') and ('$(SkipInvalidConfigurations)' == 'true')) was evaluated as (('<SolutionConfiguration>
  <ProjectConfiguration Project="{7F0965DC-E176-4F00-A888-4A3B608B3A59}" AbsolutePath="C:\Automation\selenium-automation-sample-driver\SeleniumFrameworkV2Sample\SeleniumFrameworkV2Sample.csproj" BuildProjectInSolution="True">Release|AnyCPU</ProjectConfiguration>
</SolutionConfiguration>' == '') and ('' == 'true')).
Using "Message" task from assembly "Microsoft.Build.Tasks.Core, Version=14.0.0.0, Culture=neutral, PublicKeyToken=b03f5f7f11d50a3a".
Task "Message"
  Building solution configuration "Release|Any CPU".
Done executing task "Message".
Done building target "ValidateSolutionConfiguration" in project "Automation-FrameworkV2-Samples.sln".
Target "ValidateToolsVersions" in file "C:\Automation\selenium-automation-sample-driver\Automation-FrameworkV2-Samples.sln.metaproj" from project "C:\Automation\selenium-automation-sample-driver\Automation-FrameworkV2-Samples.sln" (entry point):
Task "Error" skipped, due to false condition; ('$(MSBuildToolsVersion)' == '2.0' and ('$(ProjectToolsVersion)' != '2.0' and '$(ProjectToolsVersion)' != '')) was evaluated as ('14.0' == '2.0' and ('' != '2.0' and '' != '')).
Done building target "ValidateToolsVersions" in project "Automation-FrameworkV2-Samples.sln".
Target "ValidateProjects" in file "C:\Automation\selenium-automation-sample-driver\Automation-FrameworkV2-Samples.sln.metaproj" from project "C:\Automation\selenium-automation-sample-driver\Automation-FrameworkV2-Samples.sln" (entry point):
Done building target "ValidateProjects" in project "Automation-FrameworkV2-Samples.sln".
Target "Build" in file "C:\Automation\selenium-automation-sample-driver\Automation-FrameworkV2-Samples.sln.metaproj" from project "C:\Automation\selenium-automation-sample-driver\Automation-FrameworkV2-Samples.sln" (entry point):
Using "MSBuild" task from assembly "Microsoft.Build.Tasks.Core, Version=14.0.0.0, Culture=neutral, PublicKeyToken=b03f5f7f11d50a3a".
Task "MSBuild"
  Global Properties:
    BuildingSolutionFile=true
    CurrentSolutionConfigurationContents=<SolutionConfiguration>
    <ProjectConfiguration Project="{7F0965DC-E176-4F00-A888-4A3B608B3A59}" AbsolutePath="C:\Automation\selenium-automation-sample-driver\SeleniumFrameworkV2Sample\SeleniumFrameworkV2Sample.csproj" BuildProjectInSolution="True">Release|AnyCPU</ProjectConfiguration>
  </SolutionConfiguration>
    SolutionDir=C:\Automation\selenium-automation-sample-driver\
    SolutionExt=.sln
    SolutionFileName=Automation-FrameworkV2-Samples.sln
    SolutionName=Automation-FrameworkV2-Samples
    SolutionPath=C:\Automation\selenium-automation-sample-driver\Automation-FrameworkV2-Samples.sln
  Additional Properties for project "C:\Automation\selenium-automation-sample-driver\SeleniumFrameworkV2Sample\SeleniumFrameworkV2Sample.csproj":
    Configuration=Release
    Platform=AnyCPU
Overriding target "GetFrameworkPaths" in project "C:\Program Files (x86)\MSBuild\14.0\bin\amd64\Microsoft.Common.CurrentVersion.targets" with target "GetFrameworkPaths" from project "C:\Program Files (x86)\MSBuild\14.0\bin\amd64\Microsoft.NetFramework.CurrentVersion.targets".
Overriding target "SatelliteDllsProjectOutputGroup" in project "C:\Program Files (x86)\MSBuild\14.0\bin\amd64\Microsoft.Common.CurrentVersion.targets" with target "SatelliteDllsProjectOutputGroup" from project "C:\windows\Microsoft.NET\Framework64\v4.0.30319\Microsoft.WinFx.targets".
Project "C:\Automation\selenium-automation-sample-driver\Automation-FrameworkV2-Samples.sln" (1) is building "C:\Automation\selenium-automation-sample-driver\SeleniumFrameworkV2Sample\SeleniumFrameworkV2Sample.csproj" (2) on node 1 (default targets).
Building with tools version "14.0".
Target "_CheckForInvalidConfigurationAndPlatform" in file "C:\Program Files (x86)\MSBuild\14.0\bin\amd64\Microsoft.Common.CurrentVersion.targets" from project "C:\Automation\selenium-automation-sample-driver\SeleniumFrameworkV2Sample\SeleniumFrameworkV2Sample.csproj" (entry point):
Task "Error" skipped, due to false condition; ( '$(_InvalidConfigurationError)' == 'true' ) was evaluated as ( '' == 'true' ).
Task "Warning" skipped, due to false condition; ( '$(_InvalidConfigurationWarning)' == 'true' ) was evaluated as ( '' == 'true' ).
Using "Message" task from assembly "Microsoft.Build.Tasks.Core, Version=14.0.0.0, Culture=neutral, PublicKeyToken=b03f5f7f11d50a3a".
Task "Message"
  Configuration=Release
Done executing task "Message".
Task "Message"
  Platform=AnyCPU
Done executing task "Message".
Task "Error" skipped, due to false condition; ('$(OutDir)' != '' and !HasTrailingSlash('$(OutDir)')) was evaluated as ('bin\Release\' != '' and !HasTrailingSlash('bin\Release\')).
Task "Error" skipped, due to false condition; ('$(BaseIntermediateOutputPath)' != '' and !HasTrailingSlash('$(BaseIntermediateOutputPath)')) was evaluated as ('obj\' != '' and !HasTrailingSlash('obj\')).
Task "Error" skipped, due to false condition; ('$(IntermediateOutputPath)' != '' and !HasTrailingSlash('$(IntermediateOutputPath)')) was evaluated as ('obj\Release\' != '' and !HasTrailingSlash('obj\Release\')).
Done building target "_CheckForInvalidConfigurationAndPlatform" in project "SeleniumFrameworkV2Sample.csproj".
Target "EntityDeploy" skipped, due to false condition; ('@(EntityDeploy)' != '') was evaluated as ('' != '').
Target "ChmodChromeDriver" skipped, due to false condition; ('$(WebDriverPlatform)' != 'win32') was evaluated as ('win32' != 'win32').
Target "BeforeBuild" in file "C:\Program Files (x86)\MSBuild\14.0\bin\amd64\Microsoft.Common.CurrentVersion.targets" from project "C:\Automation\selenium-automation-sample-driver\SeleniumFrameworkV2Sample\SeleniumFrameworkV2Sample.csproj" (target "Build" depends on it):
Done building target "BeforeBuild" in project "SeleniumFrameworkV2Sample.csproj".
Target "BuildOnlySettings" in file "C:\Program Files (x86)\MSBuild\14.0\bin\amd64\Microsoft.Common.CurrentVersion.targets" from project "C:\Automation\selenium-automation-sample-driver\SeleniumFrameworkV2Sample\SeleniumFrameworkV2Sample.csproj" (target "CoreBuild" depends on it):
Done building target "BuildOnlySettings" in project "SeleniumFrameworkV2Sample.csproj".
Target "GetFrameworkPaths" in file "C:\Program Files (x86)\MSBuild\14.0\bin\amd64\Microsoft.NetFramework.CurrentVersion.targets" from project "C:\Automation\selenium-automation-sample-driver\SeleniumFrameworkV2Sample\SeleniumFrameworkV2Sample.csproj" (target "PrepareForBuild" depends on it):
Done building target "GetFrameworkPaths" in project "SeleniumFrameworkV2Sample.csproj".
Target "GetWinFXPath" skipped, due to false condition; (('@(Page)' != '' or '@(ApplicationDefinition)' != '' or '@(Resource)' != '') and ('$(GetWinFXNativePath)' != '' or '$(GetWinFXWoWPath)' != '' )) was evaluated as (('' != '' or '' != '' or '' != '') and ('' != '' or '' != '' )).
Target "GetReferenceAssemblyPaths" in file "C:\Program Files (x86)\MSBuild\14.0\bin\amd64\Microsoft.Common.CurrentVersion.targets" from project "C:\Automation\selenium-automation-sample-driver\SeleniumFrameworkV2Sample\SeleniumFrameworkV2Sample.csproj" (target "PrepareForBuild" depends on it):
Using "GetReferenceAssemblyPaths" task from assembly "Microsoft.Build.Tasks.Core, Version=14.0.0.0, Culture=neutral, PublicKeyToken=b03f5f7f11d50a3a".
Task "GetReferenceAssemblyPaths"
C:\Program Files (x86)\MSBuild\14.0\bin\amd64\Microsoft.Common.CurrentVersion.targets(1098,5): error MSB3644: The reference assemblies for framework ".NETFramework,Version=v4.7.1" were not found. To resolve this, install the SDK or Targeting Pack for this framework version or retarget your application to a version of the framework for which you have the SDK or Targeting Pack installed. Note that assemblies will be resolved from the Global Assembly Cache (GAC) and will be used in place of reference assemblies. Therefore your assembly may not be correctly targeted for the framework you intend. [C:\Automation\selenium-automation-sample-driver\SeleniumFrameworkV2Sample\SeleniumFrameworkV2Sample.csproj]
Done executing task "GetReferenceAssemblyPaths" -- FAILED.
Done building target "GetReferenceAssemblyPaths" in project "SeleniumFrameworkV2Sample.csproj" -- FAILED.
Target "_CheckForCompileOutputs" in file "C:\Program Files (x86)\MSBuild\14.0\bin\amd64\Microsoft.Common.CurrentVersion.targets" from project "C:\Automation\selenium-automation-sample-driver\SeleniumFrameworkV2Sample\SeleniumFrameworkV2Sample.csproj" (target "_CleanGetCurrentAndPriorFileWrites" depends on it):
Done building target "_CheckForCompileOutputs" in project "SeleniumFrameworkV2Sample.csproj".
Target "_SGenCheckForOutputs" skipped, due to false condition; ('$(_SGenGenerateSerializationAssembliesConfig)' == 'On' or ('@(WebReferenceUrl)'!='' and '$(_SGenGenerateSerializationAssembliesConfig)' == 'Auto')) was evaluated as ('Auto' == 'On' or (''!='' and 'Auto' == 'Auto')).
Target "_CleanGetCurrentAndPriorFileWrites" in file "C:\Program Files (x86)\MSBuild\14.0\bin\amd64\Microsoft.Common.CurrentVersion.targets" from project "C:\Automation\selenium-automation-sample-driver\SeleniumFrameworkV2Sample\SeleniumFrameworkV2Sample.csproj" (target "_CleanRecordFileWrites" depends on it):
Using "ReadLinesFromFile" task from assembly "Microsoft.Build.Tasks.Core, Version=14.0.0.0, Culture=neutral, PublicKeyToken=b03f5f7f11d50a3a".
Task "ReadLinesFromFile"
Done executing task "ReadLinesFromFile".
Using "ConvertToAbsolutePath" task from assembly "Microsoft.Build.Tasks.Core, Version=14.0.0.0, Culture=neutral, PublicKeyToken=b03f5f7f11d50a3a".
Task "ConvertToAbsolutePath"
Done executing task "ConvertToAbsolutePath".
Using "FindUnderPath" task from assembly "Microsoft.Build.Tasks.Core, Version=14.0.0.0, Culture=neutral, PublicKeyToken=b03f5f7f11d50a3a".
Task "FindUnderPath"
  Comparison path is "C:\Automation\selenium-automation-sample-driver\SeleniumFrameworkV2Sample".
Done executing task "FindUnderPath".
Task "FindUnderPath"
  Comparison path is "bin\Release\".
Done executing task "FindUnderPath".
Task "FindUnderPath"
  Comparison path is "obj\Release\".
Done executing task "FindUnderPath".
Using "RemoveDuplicates" task from assembly "Microsoft.Build.Tasks.Core, Version=14.0.0.0, Culture=neutral, PublicKeyToken=b03f5f7f11d50a3a".
Task "RemoveDuplicates"
Done executing task "RemoveDuplicates".
Done building target "_CleanGetCurrentAndPriorFileWrites" in project "SeleniumFrameworkV2Sample.csproj".
Target "_CleanRecordFileWrites" in file "C:\Program Files (x86)\MSBuild\14.0\bin\amd64\Microsoft.Common.CurrentVersion.targets" from project "C:\Automation\selenium-automation-sample-driver\SeleniumFrameworkV2Sample\SeleniumFrameworkV2Sample.csproj" (target "CoreBuild" depends on it):
Task "RemoveDuplicates"
Done executing task "RemoveDuplicates".
Using "MakeDir" task from assembly "Microsoft.Build.Tasks.Core, Version=14.0.0.0, Culture=neutral, PublicKeyToken=b03f5f7f11d50a3a".
Task "MakeDir"
  Creating directory "obj\Release\".
Done executing task "MakeDir".
Using "WriteLinesToFile" task from assembly "Microsoft.Build.Tasks.Core, Version=14.0.0.0, Culture=neutral, PublicKeyToken=b03f5f7f11d50a3a".
Task "WriteLinesToFile"
Done executing task "WriteLinesToFile".
Done building target "_CleanRecordFileWrites" in project "SeleniumFrameworkV2Sample.csproj".
Done Building Project "C:\Automation\selenium-automation-sample-driver\SeleniumFrameworkV2Sample\SeleniumFrameworkV2Sample.csproj" (default targets) -- FAILED.

Done executing task "MSBuild" -- FAILED.
Done building target "Build" in project "Automation-FrameworkV2-Samples.sln" -- FAILED.
Done Building Project "C:\Automation\selenium-automation-sample-driver\Automation-FrameworkV2-Samples.sln" (Build target(s)) -- FAILED.


Build FAILED.

"C:\Automation\selenium-automation-sample-driver\Automation-FrameworkV2-Samples.sln" (Build target) (1) ->
"C:\Automation\selenium-automation-sample-driver\SeleniumFrameworkV2Sample\SeleniumFrameworkV2Sample.csproj" (default target) (2) ->
(GetReferenceAssemblyPaths target) -> 
  C:\Program Files (x86)\MSBuild\14.0\bin\amd64\Microsoft.Common.CurrentVersion.targets(1098,5): error MSB3644: The reference assemblies for framework ".NETFramework,Version=v4.7.1" were not found. To resolve this, install the SDK or Targeting Pack for this framework version or retarget your application to a version of the framework for which you have the SDK or Targeting Pack installed. Note that assemblies will be resolved from the Global Assembly Cache (GAC) and will be used in place of reference assemblies. Therefore your assembly may not be correctly targeted for the framework you intend. [C:\Automation\selenium-automation-sample-driver\SeleniumFrameworkV2Sample\SeleniumFrameworkV2Sample.csproj]

    0 Warning(s)
    1 Error(s)

Time Elapsed 00:00:00.32
